mode: set
github.com/costa92/genericmap/map.go:28.73,35.26 2 1
github.com/costa92/genericmap/map.go:35.26,36.39 1 1
github.com/costa92/genericmap/map.go:36.39,37.30 1 1
github.com/costa92/genericmap/map.go:37.30,39.31 2 1
github.com/costa92/genericmap/map.go:39.31,41.6 1 1
github.com/costa92/genericmap/map.go:42.5,42.36 1 1
github.com/costa92/genericmap/map.go:47.2,47.10 1 1
github.com/costa92/genericmap/map.go:52.75,57.2 1 0
github.com/costa92/genericmap/map.go:60.41,66.33 4 1
github.com/costa92/genericmap/map.go:66.33,68.3 1 1
github.com/costa92/genericmap/map.go:71.2,71.12 1 1
github.com/costa92/genericmap/map.go:71.12,73.3 1 1
github.com/costa92/genericmap/map.go:76.2,77.32 2 1
github.com/costa92/genericmap/map.go:77.32,79.3 1 1
github.com/costa92/genericmap/map.go:80.2,80.39 1 1
github.com/costa92/genericmap/map.go:85.42,91.2 4 1
github.com/costa92/genericmap/map.go:95.42,99.43 3 1
github.com/costa92/genericmap/map.go:99.43,101.27 2 1
github.com/costa92/genericmap/map.go:101.27,103.4 1 1
github.com/costa92/genericmap/map.go:104.3,104.16 1 1
github.com/costa92/genericmap/map.go:106.2,106.14 1 1
github.com/costa92/genericmap/map.go:110.32,116.24 5 1
github.com/costa92/genericmap/map.go:116.24,119.3 2 1
github.com/costa92/genericmap/map.go:120.2,120.13 1 1
github.com/costa92/genericmap/map.go:124.34,130.27 5 1
github.com/costa92/genericmap/map.go:130.27,133.3 2 1
github.com/costa92/genericmap/map.go:134.2,134.15 1 1
github.com/costa92/genericmap/map.go:139.40,143.42 3 1
github.com/costa92/genericmap/map.go:143.42,147.3 3 1
github.com/costa92/genericmap/map.go:148.2,148.14 1 1
github.com/costa92/genericmap/map.go:152.31,157.2 3 1
github.com/costa92/genericmap/map.go:160.37,165.2 3 1
github.com/costa92/genericmap/map.go:169.58,170.51 1 1
github.com/costa92/genericmap/map.go:170.51,172.23 2 1
github.com/costa92/genericmap/map.go:172.23,174.4 1 1
